<?xml version="1.0" encoding="UTF-8"?>
<testng-results ignored="0" total="1" passed="1" failed="0" skipped="0">
  <reporter-output>
  </reporter-output>
  <suite started-at="2024-06-08T01:18:15 IST" name="Suite" finished-at="2024-06-08T01:18:25 IST" duration-ms="9942">
    <groups>
    </groups>
    <test started-at="2024-06-08T01:18:15 IST" name="Test" finished-at="2024-06-08T01:18:25 IST" duration-ms="9942">
      <class name="SeleniumJava.DemoProject01.AppTest_LoginCredentials">
        <test-method is-config="true" signature="openApplication()[pri:0, instance:SeleniumJava.DemoProject01.AppTest_LoginCredentials@13d73f29]" started-at="2024-06-08T01:18:15 IST" name="openApplication" finished-at="2024-06-08T01:18:23 IST" duration-ms="7558" status="PASS">
          <reporter-output>
          </reporter-output>
        </test-method> <!-- openApplication -->
        <test-method signature="LoginApplication()[pri:0, instance:SeleniumJava.DemoProject01.AppTest_LoginCredentials@13d73f29]" started-at="2024-06-08T01:18:23 IST" name="LoginApplication" finished-at="2024-06-08T01:18:25 IST" duration-ms="2340" status="PASS">
          <reporter-output>
          </reporter-output>
        </test-method> <!-- LoginApplication -->
      </class> <!-- SeleniumJava.DemoProject01.AppTest_LoginCredentials -->
    </test> <!-- Test -->
  </suite> <!-- Suite -->
</testng-results>
